<?xml version="1.0" encoding="UTF-8"?>
<testsuite xmlns:xsi="http://www.w3.org/2001/XMLSchema-instance" xsi:noNamespaceSchemaLocation="https://maven.apache.org/surefire/maven-surefire-plugin/xsd/surefire-test-report-3.0.xsd" version="3.0" name="BankAccountTest" time="0.0" tests="5" errors="0" skipped="0" failures="0">
  <properties>
[...]
</properties>
  <testcase name="testDepositIncreasesBalance" classname="BankAccountTest" time="0.0"/>
  <testcase name="testWithdrawMoreThanBalanceThrowsException" classname="BankAccountTest" time="0.0"/>
  <testcase name="testAccountHolderName" classname="BankAccountTest" time="0.0"/>
  <testcase name="testIsOverdrawnReturnsFalse" classname="BankAccountTest" time="0.0"/>
  <testcase name="testWithdrawDecreasesBalance" classname="BankAccountTest" time="0.0"/>
</testsuite>